<?xml version="1.0" encoding="utf-8"?><testsuites name="pytest tests"><testsuite name="pytest" errors="0" failures="2" skipped="0" tests="45" time="6.551" timestamp="2026-06-30T11:39:49.927894+00:00" hostname="agent-env-76783c70-c695-445e-8750-f468bddea4e1"><testcase classname="tests.test_proptech_backend.TestAuth" name="test_admin_login_sets_cookies_and_returns_user" time="0.350" /><testcase classname="tests.test_proptech_backend.TestAuth" name="test_me_returns_admin" time="0.400" /><testcase classname="tests.test_proptech_backend.TestAuth" name="test_logout_clears_cookies" time="0.411" /><testcase classname="tests.test_proptech_backend.TestAuth" name="test_register_creates_unverified_user" time="0.502" /><testcase classname="tests.test_proptech_backend.TestAuth" name="test_register_duplicate_rejected" time="0.117" /><testcase classname="tests.test_proptech_backend.TestAuth" name="test_unverified_user_cannot_login" time="0.331" /><testcase classname="tests.test_proptech_backend.TestAuth" name="test_login_invalid_password" time="0.335" /><testcase classname="tests.test_proptech_backend.TestAuth" name="test_resend_verification_returns_ok_for_anything" time="0.095" /><testcase classname="tests.test_proptech_backend.TestData" name="test_markets_authenticated" time="0.054" /><testcase classname="tests.test_proptech_backend.TestData" name="test_developments" time="0.052"><failure message="AssertionError: Internal Server Error&#10;assert 500 == 200&#10; +  where 500 = &lt;Response [500]&gt;.status_code">E   AssertionError: Internal Server Error
    assert 500 == 200
     +  where 500 = &lt;Response [500]&gt;.status_code</failure></testcase><testcase classname="tests.test_proptech_backend.TestData" name="test_developments_stats" time="0.058" /><testcase classname="tests.test_proptech_backend.TestData" name="test_comps" time="0.092" /><testcase classname="tests.test_proptech_backend.TestData" name="test_comps_stats" time="0.054" /><testcase classname="tests.test_proptech_backend.TestData" name="test_reits" time="0.050" /><testcase classname="tests.test_proptech_backend.TestData" name="test_developments_verified_only_filter" time="0.051"><failure message="requests.exceptions.JSONDecodeError: Expecting value: line 1 column 1 (char 0)">E   json.decoder.JSONDecodeError: Expecting value: line 1 column 1 (char 0)

During handling of the above exception, another exception occurred:
E   requests.exceptions.JSONDecodeError: Expecting value: line 1 column 1 (char 0)</failure></testcase><testcase classname="tests.test_proptech_backend.TestData" name="test_comps_verified_only_filter" time="0.125" /><testcase classname="tests.test_proptech_backend.TestCalculator" name="test_wacc" time="0.053" /><testcase classname="tests.test_proptech_backend.TestDataSources" name="test_nhai_refresh" time="0.067" /><testcase classname="tests.test_proptech_backend.TestDataSources" name="test_sub_registrar_refresh" time="0.058" /><testcase classname="tests.test_proptech_backend.TestDataSources" name="test_list_data_sources" time="0.052" /><testcase classname="tests.test_proptech_backend.TestDataSources" name="test_csv_template" time="0.050" /><testcase classname="tests.test_proptech_backend.TestMemo" name="test_valuation_memo_returns_pdf_and_persists" time="0.162" /><testcase classname="tests.test_proptech_backend.TestUnauth" name="test_protected_endpoints_require_auth[/api/auth/me-GET-None]" time="0.092" /><testcase classname="tests.test_proptech_backend.TestUnauth" name="test_protected_endpoints_require_auth[/api/developments-GET-None]" time="0.090" /><testcase classname="tests.test_proptech_backend.TestUnauth" name="test_protected_endpoints_require_auth[/api/developments/stats-GET-None]" time="0.109" /><testcase classname="tests.test_proptech_backend.TestUnauth" name="test_protected_endpoints_require_auth[/api/comps-GET-None]" time="0.096" /><testcase classname="tests.test_proptech_backend.TestUnauth" name="test_protected_endpoints_require_auth[/api/comps/stats-GET-None]" time="0.097" /><testcase classname="tests.test_proptech_backend.TestUnauth" name="test_protected_endpoints_require_auth[/api/reits-GET-None]" time="0.101" /><testcase classname="tests.test_proptech_backend.TestUnauth" name="test_protected_endpoints_require_auth[/api/data-sources-GET-None]" time="0.100" /><testcase classname="tests.test_proptech_backend.TestUnauth" name="test_protected_endpoints_require_auth[/api/data-sources/csv/template-GET-None]" time="0.097" /><testcase classname="tests.test_proptech_backend.TestUnauth" name="test_protected_endpoints_require_auth[/api/data-sources/nhai/refresh-POST-body8]" time="0.097" /><testcase classname="tests.test_proptech_backend.TestUnauth" name="test_protected_endpoints_require_auth[/api/data-sources/sub_registrar/refresh-POST-body9]" time="0.110" /><testcase classname="tests.test_proptech_backend.TestUnauth" name="test_protected_endpoints_require_auth[/api/calculator/wacc-POST-body10]" time="0.101" /><testcase classname="tests.test_proptech_backend.TestUnauth" name="test_protected_endpoints_require_auth[/api/valuation-memo-POST-body11]" time="0.101" /><testcase classname="tests.test_proptech_backend.TestUnauth" name="test_protected_endpoints_require_auth[/api/memos-GET-None]" time="0.098" /><testcase classname="tests.test_task2_model_migration.TestListEndpointsNoIdLeak" name="test_developments_no_id_or_mongo_id" time="0.431" /><testcase classname="tests.test_task2_model_migration.TestListEndpointsNoIdLeak" name="test_comps_no_id_or_mongo_id" time="0.101" /><testcase classname="tests.test_task2_model_migration.TestListEndpointsNoIdLeak" name="test_reits_no_id_or_mongo_id" time="0.047" /><testcase classname="tests.test_task2_model_migration.TestListEndpointsNoIdLeak" name="test_memos_no_id_or_mongo_id" time="0.095" /><testcase classname="tests.test_task2_model_migration.TestRegisterPersistsViaModel" name="test_register_user_mongo_doc_shape" time="0.489" /><testcase classname="tests.test_task2_model_migration.TestRefreshUpserts" name="test_nhai_refresh_dev_doc_shape" time="0.055" /><testcase classname="tests.test_task2_model_migration.TestRefreshUpserts" name="test_sub_registrar_refresh_comp_doc_shape" time="0.052" /><testcase classname="tests.test_task2_model_migration.TestRefreshUpserts" name="test_data_source_runs_upsert" time="0.108" /><testcase classname="tests.test_task2_model_migration.TestMemoPersistence" name="test_memo_doc_shape" time="0.156" /><testcase classname="tests.test_task2_model_migration.TestMeStripsSensitive" name="test_me_no_sensitive_fields" time="0.048" /></testsuite></testsuites>