<?xml version="1.0" encoding="utf-8"?><testsuites name="pytest tests"><testsuite name="pytest" errors="0" failures="0" skipped="0" tests="35" time="4.266" timestamp="2026-06-30T11:31:32.978563+00:00" hostname="agent-env-76783c70-c695-445e-8750-f468bddea4e1"><testcase classname="tests.test_proptech_backend.TestAuth" name="test_admin_login_sets_cookies_and_returns_user" time="0.457" /><testcase classname="tests.test_proptech_backend.TestUnauth" name="test_protected_endpoints_require_auth[/api/auth/me-GET-None]" time="0.460" /><testcase classname="tests.test_proptech_backend.TestUnauth" name="test_protected_endpoints_require_auth[/api/developments-GET-None]" time="0.131" /><testcase classname="tests.test_proptech_backend.TestUnauth" name="test_protected_endpoints_require_auth[/api/developments/stats-GET-None]" time="0.249" /><testcase classname="tests.test_proptech_backend.TestAuth" name="test_me_returns_admin" time="0.434" /><testcase classname="tests.test_proptech_backend.TestUnauth" name="test_protected_endpoints_require_auth[/api/comps-GET-None]" time="0.108" /><testcase classname="tests.test_proptech_backend.TestAuth" name="test_logout_clears_cookies" time="0.430" /><testcase classname="tests.test_proptech_backend.TestUnauth" name="test_protected_endpoints_require_auth[/api/comps/stats-GET-None]" time="0.275" /><testcase classname="tests.test_proptech_backend.TestUnauth" name="test_protected_endpoints_require_auth[/api/reits-GET-None]" time="0.100" /><testcase classname="tests.test_proptech_backend.TestAuth" name="test_register_creates_unverified_user" time="0.596" /><testcase classname="tests.test_proptech_backend.TestUnauth" name="test_protected_endpoints_require_auth[/api/data-sources-GET-None]" time="0.320" /><testcase classname="tests.test_proptech_backend.TestUnauth" name="test_protected_endpoints_require_auth[/api/data-sources/csv/template-GET-None]" time="0.243" /><testcase classname="tests.test_proptech_backend.TestUnauth" name="test_protected_endpoints_require_auth[/api/data-sources/nhai/refresh-POST-body8]" time="0.096" /><testcase classname="tests.test_proptech_backend.TestAuth" name="test_register_duplicate_rejected" time="0.142" /><testcase classname="tests.test_proptech_backend.TestUnauth" name="test_protected_endpoints_require_auth[/api/data-sources/sub_registrar/refresh-POST-body9]" time="0.136" /><testcase classname="tests.test_proptech_backend.TestAuth" name="test_unverified_user_cannot_login" time="0.364" /><testcase classname="tests.test_proptech_backend.TestUnauth" name="test_protected_endpoints_require_auth[/api/calculator/wacc-POST-body10]" time="0.256" /><testcase classname="tests.test_proptech_backend.TestUnauth" name="test_protected_endpoints_require_auth[/api/valuation-memo-POST-body11]" time="0.108" /><testcase classname="tests.test_proptech_backend.TestAuth" name="test_login_invalid_password" time="0.353" /><testcase classname="tests.test_proptech_backend.TestUnauth" name="test_protected_endpoints_require_auth[/api/memos-GET-None]" time="0.286" /><testcase classname="tests.test_proptech_backend.TestAuth" name="test_resend_verification_returns_ok_for_anything" time="0.320" /><testcase classname="tests.test_proptech_backend.TestData" name="test_markets_authenticated" time="0.363" /><testcase classname="tests.test_proptech_backend.TestDataSources" name="test_nhai_refresh" time="0.063" /><testcase classname="tests.test_proptech_backend.TestData" name="test_developments" time="0.067" /><testcase classname="tests.test_proptech_backend.TestDataSources" name="test_sub_registrar_refresh" time="0.098" /><testcase classname="tests.test_proptech_backend.TestData" name="test_developments_stats" time="0.046" /><testcase classname="tests.test_proptech_backend.TestData" name="test_comps" time="0.069" /><testcase classname="tests.test_proptech_backend.TestDataSources" name="test_list_data_sources" time="0.051" /><testcase classname="tests.test_proptech_backend.TestDataSources" name="test_csv_template" time="0.052" /><testcase classname="tests.test_proptech_backend.TestData" name="test_comps_stats" time="0.049" /><testcase classname="tests.test_proptech_backend.TestCalculator" name="test_wacc" time="0.055" /><testcase classname="tests.test_proptech_backend.TestData" name="test_reits" time="0.045" /><testcase classname="tests.test_proptech_backend.TestMemo" name="test_valuation_memo_returns_pdf_and_persists" time="0.216" /><testcase classname="tests.test_proptech_backend.TestData" name="test_developments_verified_only_filter" time="0.096" /><testcase classname="tests.test_proptech_backend.TestData" name="test_comps_verified_only_filter" time="0.132" /></testsuite></testsuites>