<?xml version="1.0" encoding="utf-8"?><testsuites name="pytest tests"><testsuite name="pytest" errors="0" failures="1" skipped="0" tests="4" time="198.489" timestamp="2026-06-30T12:21:16.262283+00:00" hostname="agent-env-76783c70-c695-445e-8750-f468bddea4e1"><testcase classname="tests.test_task3_rate_limit_confirm" name="test_00_warmup_sleep" time="65.001" /><testcase classname="tests.test_task3_rate_limit_confirm" name="test_01_auth_login_5_per_min_per_ip" time="0.229" /><testcase classname="tests.test_task3_rate_limit_confirm" name="test_02_valuation_memo_5_per_min_per_user" time="65.576" /><testcase classname="tests.test_task3_rate_limit_confirm" name="test_03_global_60_per_min_on_markets" time="67.597"><failure message="AssertionError: missing keys: {'error': 'Rate limit exceeded: 60 per 1 minute'}&#10;assert ('error' in {'error': 'Rate limit exceeded: 60 per 1 minute'} and 'detail' in {'error': 'Rate limit exceeded: 60 per 1 minute'})">backend/tests/test_task3_rate_limit_confirm.py:89: in test_03_global_60_per_min_on_markets
    _assert_clean_429(r)
backend/tests/test_task3_rate_limit_confirm.py:33: in _assert_clean_429
    assert "error" in body and "detail" in body, f"missing keys: {body}"
E   AssertionError: missing keys: {'error': 'Rate limit exceeded: 60 per 1 minute'}
E   assert ('error' in {'error': 'Rate limit exceeded: 60 per 1 minute'} and 'detail' in {'error': 'Rate limit exceeded: 60 per 1 minute'})</failure></testcase></testsuite></testsuites>