<?xml version="1.0" encoding="utf-8"?><testsuites name="pytest tests"><testsuite name="pytest" errors="0" failures="0" skipped="0" tests="9" time="6.796" timestamp="2026-06-30T12:43:05.757667+00:00" hostname="agent-env-76783c70-c695-445e-8750-f468bddea4e1"><testcase classname="tests.test_task4_audit_logs" name="test_login_audit_entry" time="0.606" /><testcase classname="tests.test_task4_audit_logs" name="test_logout_audit_entry" time="0.573" /><testcase classname="tests.test_task4_audit_logs" name="test_memo_generated_audit_entry" time="1.326" /><testcase classname="tests.test_task4_audit_logs" name="test_data_source_refresh_nhai_audit" time="0.418" /><testcase classname="tests.test_task4_audit_logs" name="test_data_source_refresh_sub_registrar_audit" time="0.414" /><testcase classname="tests.test_task4_audit_logs" name="test_register_emits_verification_email_audit" time="0.920" /><testcase classname="tests.test_task4_audit_logs" name="test_resend_verification_emits_audit" time="1.382" /><testcase classname="tests.test_task4_audit_logs" name="test_every_audit_doc_has_iso_utc_timestamp" time="0.001" /><testcase classname="tests.test_task4_audit_logs" name="test_record_audit_swallows_exceptions" time="0.000" /></testsuite></testsuites>